# JRE version: Java(TM) SE Runtime Environment (8.0_65-b17) (build 1.8.0_65-b17)
# Java VM: Java HotSpot(TM) 64-Bit Server VM (25.65-b01 mixed mode windows-amd64 compressed oops)
Heap:
 PSYoungGen      total 57344K, used 19407K [0x0000000780a00000, 0x0000000784a00000, 0x00000007c0000000)
  eden space 49152K, 22% used [0x0000000780a00000,0x00000007814f87c0,0x0000000783a00000)
  from space 8192K, 99% used [0x0000000783a00000,0x00000007841fb440,0x0000000784200000)
  to   space 8192K, 0% used [0x0000000784200000,0x0000000784200000,0x0000000784a00000)
 ParOldGen       total 131072K, used 20685K [0x0000000701e00000, 0x0000000709e00000, 0x0000000780a00000)
  object space 131072K, 15% used [0x0000000701e00000,0x0000000703233768,0x0000000709e00000)
 Metaspace       used 19302K, capacity 19686K, committed 19840K, reserved 1067008K
  class space    used 2273K, capacity 2387K, committed 2432K, reserved 1048576K
GC Heap History (6 events):
Event: 1.995 GC heap before
{Heap before GC invocations=1 (full 0):
 PSYoungGen      total 57344K, used 49152K [0x0000000780a00000, 0x0000000784a00000, 0x00000007c0000000)
  eden space 49152K, 100% used [0x0000000780a00000,0x0000000783a00000,0x0000000783a00000)
  from space 8192K, 0% used [0x0000000784200000,0x0000000784200000,0x0000000784a00000)
  to   space 8192K, 0% used [0x0000000783a00000,0x0000000783a00000,0x0000000784200000)
 ParOldGen       total 131072K, used 0K [0x0000000701e00000, 0x0000000709e00000, 0x0000000780a00000)
  object space 131072K, 0% used [0x0000000701e00000,0x0000000701e00000,0x0000000709e00000)
 Metaspace       used 15301K, capacity 15656K, committed 15872K, reserved 1062912K
  class space    used 1871K, capacity 1965K, committed 2048K, reserved 1048576K
Event: 2.002 GC heap after
Heap after GC invocations=1 (full 0):
 PSYoungGen      total 57344K, used 8178K [0x0000000780a00000, 0x0000000784a00000, 0x00000007c0000000)
  eden space 49152K, 0% used [0x0000000780a00000,0x0000000780a00000,0x0000000783a00000)
  from space 8192K, 99% used [0x0000000783a00000,0x00000007841fc9a8,0x0000000784200000)
  to   space 8192K, 0% used [0x0000000784200000,0x0000000784200000,0x0000000784a00000)
 ParOldGen       total 131072K, used 11221K [0x0000000701e00000, 0x0000000709e00000, 0x0000000780a00000)
  object space 131072K, 8% used [0x0000000701e00000,0x00000007028f57f8,0x0000000709e00000)
 Metaspace       used 15301K, capacity 15656K, committed 15872K, reserved 1062912K
  class space    used 1871K, capacity 1965K, committed 2048K, reserved 1048576K
}
Event: 2.420 GC heap before
{Heap before GC invocations=2 (full 0):
 PSYoungGen      total 57344K, used 57330K [0x0000000780a00000, 0x0000000784a00000, 0x00000007c0000000)
  eden space 49152K, 100% used [0x0000000780a00000,0x0000000783a00000,0x0000000783a00000)
  from space 8192K, 99% used [0x0000000783a00000,0x00000007841fc9a8,0x0000000784200000)
  to   space 8192K, 0% used [0x0000000784200000,0x0000000784200000,0x0000000784a00000)
 ParOldGen       total 131072K, used 11221K [0x0000000701e00000, 0x0000000709e00000, 0x0000000780a00000)
  object space 131072K, 8% used [0x0000000701e00000,0x00000007028f57f8,0x0000000709e00000)
 Metaspace       used 16138K, capacity 16558K, committed 16768K, reserved 1064960K
  class space    used 1981K, capacity 2094K, committed 2176K, reserved 1048576K
Event: 2.425 GC heap after
Heap after GC invocations=2 (full 0):
 PSYoungGen      total 57344K, used 8120K [0x0000000780a00000, 0x0000000784a00000, 0x00000007c0000000)
  eden space 49152K, 0% used [0x0000000780a00000,0x0000000780a00000,0x0000000783a00000)
  from space 8192K, 99% used [0x0000000784200000,0x00000007849ee040,0x0000000784a00000)
  to   space 8192K, 0% used [0x0000000783a00000,0x0000000783a00000,0x0000000784200000)
 ParOldGen       total 131072K, used 18454K [0x0000000701e00000, 0x0000000709e00000, 0x0000000780a00000)
  object space 131072K, 14% used [0x0000000701e00000,0x0000000703005818,0x0000000709e00000)
 Metaspace       used 16138K, capacity 16558K, committed 16768K, reserved 1064960K
  class space    used 1981K, capacity 2094K, committed 2176K, reserved 1048576K
}
Event: 24.755 GC heap before
{Heap before GC invocations=3 (full 0):
 PSYoungGen      total 57344K, used 57272K [0x0000000780a00000, 0x0000000784a00000, 0x00000007c0000000)
  eden space 49152K, 100% used [0x0000000780a00000,0x0000000783a00000,0x0000000783a00000)
  from space 8192K, 99% used [0x0000000784200000,0x00000007849ee040,0x0000000784a00000)
  to   space 8192K, 0% used [0x0000000783a00000,0x0000000783a00000,0x0000000784200000)
 ParOldGen       total 131072K, used 18454K [0x0000000701e00000, 0x0000000709e00000, 0x0000000780a00000)
  object space 131072K, 14% used [0x0000000701e00000,0x0000000703005818,0x0000000709e00000)
 Metaspace       used 19280K, capacity 19686K, committed 19840K, reserved 1067008K
  class space    used 2271K, capacity 2387K, committed 2432K, reserved 1048576K
Event: 24.764 GC heap after
Heap after GC invocations=3 (full 0):
 PSYoungGen      total 57344K, used 8173K [0x0000000780a00000, 0x0000000784a00000, 0x00000007c0000000)
  eden space 49152K, 0% used [0x0000000780a00000,0x0000000780a00000,0x0000000783a00000)
  from space 8192K, 99% used [0x0000000783a00000,0x00000007841fb440,0x0000000784200000)
  to   space 8192K, 0% used [0x0000000784200000,0x0000000784200000,0x0000000784a00000)
 ParOldGen       total 131072K, used 20685K [0x0000000701e00000, 0x0000000709e00000, 0x0000000780a00000)
  object space 131072K, 15% used [0x0000000701e00000,0x0000000703233768,0x0000000709e00000)
 Metaspace       used 19280K, capacity 19686K, committed 19840K, reserved 1067008K
  class space    used 2271K, capacity 2387K, committed 2432K, reserved 1048576K
}

